
**** Build of configuration Debug for project swi_EK_TM4C1294XL_TI ****

"C:\\ti\\ccs901\\ccs\\utils\\bin\\gmake" -k -j 4 all -O 
 
making ../src/sysbios/sysbios.aem4f ...
gmake[1]: Nothing to be done for 'all'.
Building file: "../swi.c"
Invoking: ARM Compiler
"C:/ti/ccs901/ccs/tools/compiler/ti-cgt-arm_18.12.1.LTS/bin/armcl" -mv7M4 --code_state=16 --float_support=FPv4SPD16 -me --include_path="C:/ti/tivaware_c_series_2_1_4_178/examples/boards/ek-tm4c1294xl-boostxl-kentec-s1" --include_path="D:/ccs_RTOS/swi_EK_TM4C1294XL_TI" --include_path="D:/ccs_RTOS/swi_EK_TM4C1294XL_TI" --include_path="C:/ti/tirtos_tivac_2_16_00_08/products/TivaWare_C_Series-2.1.1.71b" --include_path="C:/ti/tirtos_tivac_2_16_00_08/products/bios_6_45_01_29/packages/ti/sysbios/posix" --include_path="C:/ti/tivaware_c_series_2_1_4_178/examples/boards/ek-tm4c1294xl-boostxl-kentec-s1/drivers" --include_path="C:/ti/ccs901/ccs/tools/compiler/ti-cgt-arm_18.12.1.LTS/include" --define=ccs="ccs" --define=PART_TM4C1294NCPDT --define=ccs --define=TIVAWARE -g --gcc --diag_warning=225 --diag_warning=255 --diag_wrap=off --display_error_number --gen_func_subsections=on --abi=eabi --preproc_with_compile --preproc_dependency="swi.d_raw" --cmd_file="configPkg/compiler.opt" "../swi.c"
"../swi.c", line 117: warning #225-D: function "UARTSend" declared implicitly
"../swi.c", line 128: warning #225-D: function "OnIntroPaint" declared implicitly
"../swi.c", line 156: warning #161-D: declaration is incompatible with previous "OnIntroPaint" (declared at line 128)
"../swi.c", line 159: warning #552-D: variable "cx" was set but never used
"../swi.c", line 226: warning #179-D: variable "clkParams" was declared but never referenced
"../swi.c", line 316: warning #161-D: declaration is incompatible with previous "UARTSend" (declared at line 117)
"../swi.c", line 350: warning #179-D: variable "i" was declared but never referenced
"../swi.c", line 351: warning #179-D: variable "str" was declared but never referenced
Finished building: "../swi.c"
 
making ../src/sysbios/sysbios.aem4f ...
gmake[2]: Nothing to be done for 'all'.
Building target: "swi_EK_TM4C1294XL_TI.out"
Invoking: ARM Linker
"C:/ti/ccs901/ccs/tools/compiler/ti-cgt-arm_18.12.1.LTS/bin/armcl" -mv7M4 --code_state=16 --float_support=FPv4SPD16 -me --define=ccs="ccs" --define=PART_TM4C1294NCPDT --define=ccs --define=TIVAWARE -g --gcc --diag_warning=225 --diag_warning=255 --diag_wrap=off --display_error_number --gen_func_subsections=on --abi=eabi -z -m"swi_EK_TM4C1294XL_TI.map" --heap_size=0 --stack_size=512 -i"C:/ti/ccs901/ccs/tools/compiler/ti-cgt-arm_18.12.1.LTS/lib" -i"C:/ti/ccs901/ccs/tools/compiler/ti-cgt-arm_18.12.1.LTS/include" --reread_libs --diag_wrap=off --display_error_number --warn_sections --xml_link_info="swi_EK_TM4C1294XL_TI_linkInfo.xml" --rom_model -o "swi_EK_TM4C1294XL_TI.out" "./EK_TM4C1294XL.obj" "./swi.obj" "./drivers/Kentec320x240x16_ssd2119_spi.obj" "./drivers/touch.obj" "../EK_TM4C1294XL.cmd" -l"configPkg/linker.cmd" -l"C:/ti/tivaware_c_series_2_1_4_178/grlib/ccs/Debug/grlib.lib" -l"C:/ti/tirtos_tivac_2_16_00_08/products/TivaWare_C_Series-2.1.1.71b/grlib/ccs/Debug/grlib.lib" -l"C:/ti/tirtos_tivac_2_16_00_08/products/TivaWare_C_Series-2.1.1.71b/usblib/ccs/Debug/usblib.lib" -l"C:/ti/tirtos_tivac_2_16_00_08/products/TivaWare_C_Series-2.1.1.71b/driverlib/ccs/Debug/driverlib.lib" -llibc.a 
<Linking>
Finished building target: "swi_EK_TM4C1294XL_TI.out"
 

**** Build Finished ****
